<?xml version="1.0" encoding="UTF-8"?>
<!-- Generated by org.testng.reporters.JUnitReportReporter -->
<testsuite hostname="DESKTOP-NSNAOTG" failures="0" tests="2" name="GroupinginTestNG.GroupsDemo" time="0.011" errors="0" timestamp="2020-05-16T14:47:16 IST" skipped="0">
  <testcase classname="GroupinginTestNG.GroupsDemo" name="test3" time="0.002"/>
  <system-out/>
  <testcase classname="GroupinginTestNG.GroupsDemo" name="test2" time="0.009"/>
  <system-out/>
</testsuite> <!-- GroupinginTestNG.GroupsDemo -->
