<?xml version="1.0" encoding="UTF-8"?>
<!-- Generated by org.testng.reporters.JUnitReportReporter -->
<testsuite hostname="DESKTOP-NSNAOTG" failures="0" tests="2" name="TestNGPriorityDemo.TestNGMultiBrowserDemo" time="13.738" errors="0" timestamp="2020-05-16T14:08:15 IST" skipped="0">
  <testcase classname="TestNGPriorityDemo.TestNGMultiBrowserDemo" name="test1" time="4.388"/>
  <system-out/>
  <testcase classname="TestNGPriorityDemo.TestNGMultiBrowserDemo" name="test1" time="9.350"/>
  <system-out/>
</testsuite> <!-- TestNGPriorityDemo.TestNGMultiBrowserDemo -->
