<?xml version="1.0" encoding="UTF-8"?>
<!-- Generated by org.testng.reporters.JUnitReportReporter -->
<testsuite hostname="LAPTOP-NJ6KKULS" failures="0" tests="1" name="WaitsInSelenium.FluentWaitDemo" time="15.848" errors="0" timestamp="2020-06-02T17:13:59 IST" skipped="0">
  <testcase classname="WaitsInSelenium.FluentWaitDemo" name="test" time="15.848"/>
  <system-out/>
</testsuite> <!-- WaitsInSelenium.FluentWaitDemo -->
