<?xml version="1.0" encoding="UTF-8"?>
<!-- Generated by org.testng.reporters.JUnitReportReporter -->
<testsuite hostname="DESKTOP-NSNAOTG" failures="0" tests="3" name="TestNGPriorityDemo.TestNGPriority" time="0.014" errors="0" timestamp="2020-05-16T12:48:19 IST" skipped="0">
  <testcase classname="TestNGPriorityDemo.TestNGPriority" name="one" time="0.010"/>
  <system-out/>
  <testcase classname="TestNGPriorityDemo.TestNGPriority" name="three" time="0.002"/>
  <system-out/>
  <testcase classname="TestNGPriorityDemo.TestNGPriority" name="two" time="0.002"/>
  <system-out/>
</testsuite> <!-- TestNGPriorityDemo.TestNGPriority -->
