<?xml version="1.0" encoding="UTF-8"?>
<!-- Generated by org.testng.reporters.JUnitReportReporter -->
<testsuite hostname="LAPTOP-NJ6KKULS" failures="0" tests="1" name="HeadlessBrowsers.headlessChromeDemo" time="8.981" errors="0" timestamp="2020-06-02T18:44:21 IST" skipped="0">
  <testcase classname="HeadlessBrowsers.headlessChromeDemo" name="test" time="8.981"/>
  <system-out/>
</testsuite> <!-- HeadlessBrowsers.headlessChromeDemo -->
