<?xml version="1.0" encoding="UTF-8"?>
<!-- Generated by org.testng.reporters.JUnitReportReporter -->
<testsuite hostname="LAPTOP-NJ6KKULS" failures="0" tests="3" name="listeners.TestNGListnerDemo2" time="0.005" errors="0" timestamp="2020-06-02T12:36:19 IST" skipped="1">
  <testcase classname="listeners.TestNGListnerDemo2" name="test4" time="0.001"/>
  <system-out/>
  <testcase classname="listeners.TestNGListnerDemo2" name="test5" time="0.002"/>
  <system-out/>
  <testcase classname="listeners.TestNGListnerDemo2" name="test6" time="0.002">
    <skipped/>
  </testcase> <!-- test6 -->
  <system-out/>
</testsuite> <!-- listeners.TestNGListnerDemo2 -->
