<?xml version="1.0" encoding="UTF-8"?>
<!-- Generated by org.testng.reporters.JUnitReportReporter -->
<testsuite hostname="DESKTOP-NSNAOTG" failures="0" tests="2" name="ExtentReportDemo.ExtentReportsDemoTestNG" time="1.591" errors="0" timestamp="2020-04-18T17:31:56 IST" skipped="0">
  <testcase classname="ExtentReportDemo.ExtentReportsDemoTestNG" name="test2" time="0.003"/>
  <system-out/>
  <testcase classname="ExtentReportDemo.ExtentReportsDemoTestNG" name="test1" time="1.588"/>
  <system-out/>
</testsuite> <!-- ExtentReportDemo.ExtentReportsDemoTestNG -->
