<?xml version="1.0" encoding="UTF-8"?>
<!-- Generated by org.testng.reporters.JUnitReportReporter -->
<testsuite hostname="DESKTOP-NSNAOTG" failures="0" tests="4" name="GroupinginTestNG.RegularExpDemo" time="0.016" errors="0" timestamp="2020-05-16T15:00:01 IST" skipped="0">
  <testcase classname="GroupinginTestNG.RegularExpDemo" name="test2" time="0.002"/>
  <system-out/>
  <testcase classname="GroupinginTestNG.RegularExpDemo" name="test4" time="0.002"/>
  <system-out/>
  <testcase classname="GroupinginTestNG.RegularExpDemo" name="test1" time="0.010"/>
  <system-out/>
  <testcase classname="GroupinginTestNG.RegularExpDemo" name="test3" time="0.002"/>
  <system-out/>
</testsuite> <!-- GroupinginTestNG.RegularExpDemo -->
