<?xml version="1.0" encoding="UTF-8"?>
<!-- Generated by org.testng.reporters.JUnitReportReporter -->
<testsuite hostname="DESKTOP-NSNAOTG" failures="0" tests="3" name="Utils.ExcelDataProvider" time="7.378" errors="0" timestamp="2020-05-13T22:49:04 IST" skipped="0">
  <testcase classname="Utils.ExcelDataProvider" name="test1" time="1.005"/>
  <system-out/>
  <testcase classname="Utils.ExcelDataProvider" name="test1" time="5.045"/>
  <system-out/>
  <testcase classname="Utils.ExcelDataProvider" name="test1" time="1.328"/>
  <system-out/>
</testsuite> <!-- Utils.ExcelDataProvider -->
