<?xml version="1.0" encoding="UTF-8"?>
<!-- Generated by org.testng.reporters.JUnitReportReporter -->
<testsuite hostname="DESKTOP-NSNAOTG" failures="0" tests="1" name="Package_TestNG.GoogleSearchPageTestNGDemo" time="10.577" errors="0" timestamp="2020-04-12T15:18:42 IST" skipped="0">
  <testcase classname="Package_TestNG.GoogleSearchPageTestNGDemo" name="googleSearchTest" time="10.577"/>
  <system-out/>
</testsuite> <!-- Package_TestNG.GoogleSearchPageTestNGDemo -->
