<?xml version="1.0" encoding="UTF-8"?>
<!-- Generated by org.testng.reporters.JUnitReportReporter -->
<testsuite hostname="LAPTOP-NJ6KKULS" failures="0" tests="1" name="Package_TestNG.ParameterisedTests" time="0.016" errors="0" timestamp="2020-06-05T18:51:47 IST" skipped="0">
  <testcase classname="Package_TestNG.ParameterisedTests" name="test" time="0.016"/>
  <system-out/>
</testsuite> <!-- Package_TestNG.ParameterisedTests -->
