<?xml version="1.0" encoding="UTF-8"?>
<!-- Generated by org.testng.reporters.JUnitReportReporter -->
<testsuite hostname="DESKTOP-NSNAOTG" failures="0" tests="1" name="config.testng_config_properties" time="9.106" errors="0" timestamp="2020-05-07T00:46:39 IST" skipped="0">
  <testcase classname="config.testng_config_properties" name="googleSearchTest" time="9.106"/>
  <system-out/>
</testsuite> <!-- config.testng_config_properties -->
