<?xml version="1.0" encoding="UTF-8"?>
<!-- Generated by org.testng.reporters.JUnitReportReporter -->
<testsuite hostname="DESKTOP-NSNAOTG" failures="0" tests="3" name="Package_TestNG.TestNGDependencies" time="0.015" errors="0" timestamp="2020-05-16T15:33:41 IST" skipped="0">
  <testcase classname="Package_TestNG.TestNGDependencies" name="test3" time="0.002"/>
  <system-out/>
  <testcase classname="Package_TestNG.TestNGDependencies" name="test1" time="0.002"/>
  <system-out/>
  <testcase classname="Package_TestNG.TestNGDependencies" name="test2" time="0.011"/>
  <system-out/>
</testsuite> <!-- Package_TestNG.TestNGDependencies -->
