<?xml version="1.0" encoding="UTF-8"?>
<!-- Generated by org.testng.reporters.JUnitReportReporter -->
<testsuite hostname="DESKTOP-NSNAOTG" failures="0" tests="1" name="Package_TestNG.ParameterisedTests" time="0.010" errors="0" timestamp="2020-05-16T15:22:52 IST" skipped="0">
  <testcase classname="Package_TestNG.ParameterisedTests" name="test" time="0.010"/>
  <system-out/>
</testsuite> <!-- Package_TestNG.ParameterisedTests -->
