<?xml version="1.0" encoding="UTF-8"?>
<!-- Generated by org.testng.reporters.JUnitReportReporter -->
<testsuite hostname="DESKTOP-NSNAOTG" failures="0" tests="1" name="Package_TestNG.GoogleSearchPageTestNGDemo2" time="7.614" errors="0" timestamp="2020-04-12T17:34:58 IST" skipped="0">
  <testcase classname="Package_TestNG.GoogleSearchPageTestNGDemo2" name="googleSearchTest" time="7.614"/>
  <system-out/>
</testsuite> <!-- Package_TestNG.GoogleSearchPageTestNGDemo2 -->
