<?xml version="1.0" encoding="UTF-8"?>
<!-- Generated by org.testng.reporters.JUnitReportReporter -->
<testsuite hostname="LAPTOP-NJ6KKULS" failures="0" tests="3" name="listeners.TestNGListnerDemo" time="17.738" errors="0" timestamp="2020-06-02T12:36:19 IST" skipped="0">
  <testcase classname="listeners.TestNGListnerDemo" name="test2" time="17.728"/>
  <system-out/>
  <testcase classname="listeners.TestNGListnerDemo" name="test1" time="0.008"/>
  <system-out/>
  <testcase classname="listeners.TestNGListnerDemo" name="test3" time="0.002"/>
  <system-out/>
</testsuite> <!-- listeners.TestNGListnerDemo -->
