<?xml version="1.0" encoding="UTF-8"?>
<!-- Generated by org.testng.reporters.JUnitReportReporter -->
<testsuite hostname="DESKTOP-NSNAOTG" failures="0" tests="1" name="Package_TestNG.GoogleSearchPageTestNGDemo3" time="7.730" errors="0" timestamp="2020-04-12T17:34:58 IST" skipped="0">
  <testcase classname="Package_TestNG.GoogleSearchPageTestNGDemo3" name="googleSearchTest1" time="7.730"/>
  <system-out/>
</testsuite> <!-- Package_TestNG.GoogleSearchPageTestNGDemo3 -->
