<?xml version="1.0" encoding="UTF-8"?>
<!-- Generated by org.testng.reporters.JUnitReportReporter -->
<testsuite hostname="DESKTOP-NSNAOTG" failures="0" tests="2" name="Package_TestNG.IgnoreTests" time="0.011" errors="0" timestamp="2020-05-16T15:37:17 IST" skipped="1">
  <testcase classname="Package_TestNG.IgnoreTests" name="test2" time="0.011"/>
  <system-out/>
  <testcase classname="Package_TestNG.IgnoreTests" name="test1">
    <skipped/>
  </testcase> <!-- test1 -->
  <system-out/>
</testsuite> <!-- Package_TestNG.IgnoreTests -->
